c:\users\muham\desktop\projects\logiccircuitsimulator\logiccircuitsimulator\debug\vc142.pdb
c:\users\muham\desktop\projects\logiccircuitsimulator\logiccircuitsimulator\debug\vc142.idb
c:\users\muham\desktop\projects\logiccircuitsimulator\logiccircuitsimulator\debug\node.obj
c:\users\muham\desktop\projects\logiccircuitsimulator\logiccircuitsimulator\debug\gate.obj
c:\users\muham\desktop\projects\logiccircuitsimulator\logiccircuitsimulator\debug\mainsimulator.obj
c:\users\muham\desktop\projects\logiccircuitsimulator\logiccircuitsimulator\debug\andgate.obj
c:\users\muham\desktop\projects\logiccircuitsimulator\debug\logiccircuitsimulator.exe
c:\users\muham\desktop\projects\logiccircuitsimulator\debug\logiccircuitsimulator.ilk
c:\users\muham\desktop\projects\logiccircuitsimulator\debug\logiccircuitsimulator.pdb
c:\users\muham\desktop\projects\logiccircuitsimulator\logiccircuitsimulator\debug\logiccir.761cbba7.tlog\cl.command.1.tlog
c:\users\muham\desktop\projects\logiccircuitsimulator\logiccircuitsimulator\debug\logiccir.761cbba7.tlog\cl.read.1.tlog
c:\users\muham\desktop\projects\logiccircuitsimulator\logiccircuitsimulator\debug\logiccir.761cbba7.tlog\cl.write.1.tlog
c:\users\muham\desktop\projects\logiccircuitsimulator\logiccircuitsimulator\debug\logiccir.761cbba7.tlog\link.4012-cvtres.read.1.tlog
c:\users\muham\desktop\projects\logiccircuitsimulator\logiccircuitsimulator\debug\logiccir.761cbba7.tlog\link.4012-cvtres.write.1.tlog
c:\users\muham\desktop\projects\logiccircuitsimulator\logiccircuitsimulator\debug\logiccir.761cbba7.tlog\link.4012-rc.read.1.tlog
c:\users\muham\desktop\projects\logiccircuitsimulator\logiccircuitsimulator\debug\logiccir.761cbba7.tlog\link.4012-rc.write.1.tlog
c:\users\muham\desktop\projects\logiccircuitsimulator\logiccircuitsimulator\debug\logiccir.761cbba7.tlog\link.4012.read.1.tlog
c:\users\muham\desktop\projects\logiccircuitsimulator\logiccircuitsimulator\debug\logiccir.761cbba7.tlog\link.4012.write.1.tlog
c:\users\muham\desktop\projects\logiccircuitsimulator\logiccircuitsimulator\debug\logiccir.761cbba7.tlog\link.command.1.tlog
c:\users\muham\desktop\projects\logiccircuitsimulator\logiccircuitsimulator\debug\logiccir.761cbba7.tlog\link.read.1.tlog
c:\users\muham\desktop\projects\logiccircuitsimulator\logiccircuitsimulator\debug\logiccir.761cbba7.tlog\link.write.1.tlog
